Determining if the function crc32c_value exists in the crc32c failed with the following output:
Change Dir: /leveldb/leveldb-new/leveldb-1/build/CMakeFiles/CMakeTmp

Run Build Command(s):/usr/bin/gmake cmTC_1a6fa/fast && /usr/bin/gmake  -f CMakeFiles/cmTC_1a6fa.dir/build.make CMakeFiles/cmTC_1a6fa.dir/build
gmake[1]: Entering directory '/leveldb/leveldb-new/leveldb-1/build/CMakeFiles/CMakeTmp'
Building C object CMakeFiles/cmTC_1a6fa.dir/CheckFunctionExists.c.o
/usr/bin/cc   -DCHECK_FUNCTION_EXISTS=crc32c_value   -std=c11 -o CMakeFiles/cmTC_1a6fa.dir/CheckFunctionExists.c.o   -c /usr/local/share/cmake-3.17/Modules/CheckFunctionExists.c
Linking C executable cmTC_1a6fa
/usr/local/bin/cmake -E cmake_link_script CMakeFiles/cmTC_1a6fa.dir/link.txt --verbose=1
/usr/bin/cc  -DCHECK_FUNCTION_EXISTS=crc32c_value    CMakeFiles/cmTC_1a6fa.dir/CheckFunctionExists.c.o  -o cmTC_1a6fa  -lcrc32c 
/usr/bin/ld: cannot find -lcrc32c
collect2: error: ld returned 1 exit status
gmake[1]: *** [CMakeFiles/cmTC_1a6fa.dir/build.make:107: cmTC_1a6fa] Error 1
gmake[1]: Leaving directory '/leveldb/leveldb-new/leveldb-1/build/CMakeFiles/CMakeTmp'
gmake: *** [Makefile:141: cmTC_1a6fa/fast] Error 2



Determining if the function snappy_compress exists in the snappy failed with the following output:
Change Dir: /leveldb/leveldb-new/leveldb-1/build/CMakeFiles/CMakeTmp

Run Build Command(s):/usr/bin/gmake cmTC_dc44a/fast && /usr/bin/gmake  -f CMakeFiles/cmTC_dc44a.dir/build.make CMakeFiles/cmTC_dc44a.dir/build
gmake[1]: Entering directory '/leveldb/leveldb-new/leveldb-1/build/CMakeFiles/CMakeTmp'
Building C object CMakeFiles/cmTC_dc44a.dir/CheckFunctionExists.c.o
/usr/bin/cc   -DCHECK_FUNCTION_EXISTS=snappy_compress   -std=c11 -o CMakeFiles/cmTC_dc44a.dir/CheckFunctionExists.c.o   -c /usr/local/share/cmake-3.17/Modules/CheckFunctionExists.c
Linking C executable cmTC_dc44a
/usr/local/bin/cmake -E cmake_link_script CMakeFiles/cmTC_dc44a.dir/link.txt --verbose=1
/usr/bin/cc  -DCHECK_FUNCTION_EXISTS=snappy_compress    CMakeFiles/cmTC_dc44a.dir/CheckFunctionExists.c.o  -o cmTC_dc44a  -lsnappy 
/usr/bin/ld: cannot find -lsnappy
collect2: error: ld returned 1 exit status
gmake[1]: *** [CMakeFiles/cmTC_dc44a.dir/build.make:107: cmTC_dc44a] Error 1
gmake[1]: Leaving directory '/leveldb/leveldb-new/leveldb-1/build/CMakeFiles/CMakeTmp'
gmake: *** [Makefile:141: cmTC_dc44a/fast] Error 2



Determining if the function malloc exists in the tcmalloc failed with the following output:
Change Dir: /leveldb/leveldb-new/leveldb-1/build/CMakeFiles/CMakeTmp

Run Build Command(s):/usr/bin/gmake cmTC_e04e5/fast && /usr/bin/gmake  -f CMakeFiles/cmTC_e04e5.dir/build.make CMakeFiles/cmTC_e04e5.dir/build
gmake[1]: Entering directory '/leveldb/leveldb-new/leveldb-1/build/CMakeFiles/CMakeTmp'
Building C object CMakeFiles/cmTC_e04e5.dir/CheckFunctionExists.c.o
/usr/bin/cc   -DCHECK_FUNCTION_EXISTS=malloc   -std=c11 -o CMakeFiles/cmTC_e04e5.dir/CheckFunctionExists.c.o   -c /usr/local/share/cmake-3.17/Modules/CheckFunctionExists.c
<command-line>: warning: conflicting types for built-in function ‘malloc’ [-Wbuiltin-declaration-mismatch]
/usr/local/share/cmake-3.17/Modules/CheckFunctionExists.c:7:3: note: in expansion of macro ‘CHECK_FUNCTION_EXISTS’
   CHECK_FUNCTION_EXISTS(void);
   ^~~~~~~~~~~~~~~~~~~~~
Linking C executable cmTC_e04e5
/usr/local/bin/cmake -E cmake_link_script CMakeFiles/cmTC_e04e5.dir/link.txt --verbose=1
/usr/bin/cc  -DCHECK_FUNCTION_EXISTS=malloc    CMakeFiles/cmTC_e04e5.dir/CheckFunctionExists.c.o  -o cmTC_e04e5  -ltcmalloc 
/usr/bin/ld: cannot find -ltcmalloc
collect2: error: ld returned 1 exit status
gmake[1]: *** [CMakeFiles/cmTC_e04e5.dir/build.make:107: cmTC_e04e5] Error 1
gmake[1]: Leaving directory '/leveldb/leveldb-new/leveldb-1/build/CMakeFiles/CMakeTmp'
gmake: *** [Makefile:141: cmTC_e04e5/fast] Error 2



Determining if the F_FULLFSYNC exist failed with the following output:
Change Dir: /leveldb/leveldb-new/leveldb-1/build/CMakeFiles/CMakeTmp

Run Build Command(s):/usr/bin/gmake cmTC_07648/fast && /usr/bin/gmake  -f CMakeFiles/cmTC_07648.dir/build.make CMakeFiles/cmTC_07648.dir/build
gmake[1]: Entering directory '/leveldb/leveldb-new/leveldb-1/build/CMakeFiles/CMakeTmp'
Building CXX object CMakeFiles/cmTC_07648.dir/CheckSymbolExists.cxx.o
/usr/bin/c++    -std=c++11 -o CMakeFiles/cmTC_07648.dir/CheckSymbolExists.cxx.o -c /leveldb/leveldb-new/leveldb-1/build/CMakeFiles/CMakeTmp/CheckSymbolExists.cxx
/leveldb/leveldb-new/leveldb-1/build/CMakeFiles/CMakeTmp/CheckSymbolExists.cxx: In function ‘int main(int, char**)’:
/leveldb/leveldb-new/leveldb-1/build/CMakeFiles/CMakeTmp/CheckSymbolExists.cxx:8:19: error: ‘F_FULLFSYNC’ was not declared in this scope
   return ((int*)(&F_FULLFSYNC))[argc];
                   ^~~~~~~~~~~
/leveldb/leveldb-new/leveldb-1/build/CMakeFiles/CMakeTmp/CheckSymbolExists.cxx:8:19: note: suggested alternative: ‘O_FSYNC’
   return ((int*)(&F_FULLFSYNC))[argc];
                   ^~~~~~~~~~~
                   O_FSYNC
gmake[1]: *** [CMakeFiles/cmTC_07648.dir/build.make:86: CMakeFiles/cmTC_07648.dir/CheckSymbolExists.cxx.o] Error 1
gmake[1]: Leaving directory '/leveldb/leveldb-new/leveldb-1/build/CMakeFiles/CMakeTmp'
gmake: *** [Makefile:141: cmTC_07648/fast] Error 2


File /leveldb/leveldb-new/leveldb-1/build/CMakeFiles/CMakeTmp/CheckSymbolExists.cxx:
/* */
#include <fcntl.h>

int main(int argc, char** argv)
{
  (void)argv;
#ifndef F_FULLFSYNC
  return ((int*)(&F_FULLFSYNC))[argc];
#else
  (void)argc;
  return 0;
#endif
}
Performing C++ SOURCE FILE Test HAVE_CLANG_THREAD_SAFETY failed with the following output:
Change Dir: /leveldb/leveldb-new/leveldb-1/build/CMakeFiles/CMakeTmp

Run Build Command(s):/usr/bin/gmake cmTC_7ca96/fast && /usr/bin/gmake  -f CMakeFiles/cmTC_7ca96.dir/build.make CMakeFiles/cmTC_7ca96.dir/build
gmake[1]: Entering directory '/leveldb/leveldb-new/leveldb-1/build/CMakeFiles/CMakeTmp'
Building CXX object CMakeFiles/cmTC_7ca96.dir/src.cxx.o
/usr/bin/c++    -DHAVE_CLANG_THREAD_SAFETY -Werror   -std=c++11 -o CMakeFiles/cmTC_7ca96.dir/src.cxx.o -c /leveldb/leveldb-new/leveldb-1/build/CMakeFiles/CMakeTmp/src.cxx
/leveldb/leveldb-new/leveldb-1/build/CMakeFiles/CMakeTmp/src.cxx:2:34: error: ‘lockable’ attribute directive ignored [-Werror=attributes]
 struct __attribute__((lockable)) Lock {
                                  ^~~~
/leveldb/leveldb-new/leveldb-1/build/CMakeFiles/CMakeTmp/src.cxx:3:59: error: ‘exclusive_lock_function’ attribute directive ignored [-Werror=attributes]
   void Acquire() __attribute__((exclusive_lock_function()));
                                                           ^
/leveldb/leveldb-new/leveldb-1/build/CMakeFiles/CMakeTmp/src.cxx:4:51: error: ‘unlock_function’ attribute directive ignored [-Werror=attributes]
   void Release() __attribute__((unlock_function()));
                                                   ^
/leveldb/leveldb-new/leveldb-1/build/CMakeFiles/CMakeTmp/src.cxx:8:46: error: ‘guarded_by’ attribute directive ignored [-Werror=attributes]
   int data_ __attribute__((guarded_by(lock_)));
                                              ^
cc1plus: all warnings being treated as errors
gmake[1]: *** [CMakeFiles/cmTC_7ca96.dir/build.make:86: CMakeFiles/cmTC_7ca96.dir/src.cxx.o] Error 1
gmake[1]: Leaving directory '/leveldb/leveldb-new/leveldb-1/build/CMakeFiles/CMakeTmp'
gmake: *** [Makefile:141: cmTC_7ca96/fast] Error 2


Source file was:

struct __attribute__((lockable)) Lock {
  void Acquire() __attribute__((exclusive_lock_function()));
  void Release() __attribute__((unlock_function()));
};
struct ThreadSafeType {
  Lock lock_;
  int data_ __attribute__((guarded_by(lock_)));
};
int main() { return 0; }

Performing C SOURCE FILE Test CMAKE_HAVE_LIBC_PTHREAD failed with the following output:
Change Dir: /leveldb/leveldb-new/leveldb-1/build/CMakeFiles/CMakeTmp

Run Build Command(s):/usr/bin/gmake cmTC_04a5b/fast && /usr/bin/gmake  -f CMakeFiles/cmTC_04a5b.dir/build.make CMakeFiles/cmTC_04a5b.dir/build
gmake[1]: Entering directory '/leveldb/leveldb-new/leveldb-1/build/CMakeFiles/CMakeTmp'
Building C object CMakeFiles/cmTC_04a5b.dir/src.c.o
/usr/bin/cc   -Wstrict-prototypes -DCMAKE_HAVE_LIBC_PTHREAD   -std=c11 -o CMakeFiles/cmTC_04a5b.dir/src.c.o   -c /leveldb/leveldb-new/leveldb-1/build/CMakeFiles/CMakeTmp/src.c
Linking C executable cmTC_04a5b
/usr/local/bin/cmake -E cmake_link_script CMakeFiles/cmTC_04a5b.dir/link.txt --verbose=1
/usr/bin/cc  -Wstrict-prototypes -DCMAKE_HAVE_LIBC_PTHREAD    CMakeFiles/cmTC_04a5b.dir/src.c.o  -o cmTC_04a5b 
CMakeFiles/cmTC_04a5b.dir/src.c.o: In function `main':
src.c:(.text+0x2d): undefined reference to `pthread_create'
src.c:(.text+0x39): undefined reference to `pthread_detach'
src.c:(.text+0x45): undefined reference to `pthread_cancel'
src.c:(.text+0x56): undefined reference to `pthread_join'
collect2: error: ld returned 1 exit status
gmake[1]: *** [CMakeFiles/cmTC_04a5b.dir/build.make:107: cmTC_04a5b] Error 1
gmake[1]: Leaving directory '/leveldb/leveldb-new/leveldb-1/build/CMakeFiles/CMakeTmp'
gmake: *** [Makefile:141: cmTC_04a5b/fast] Error 2


Source file was:
#include <pthread.h>

void* test_func(void* data)
{
  return data;
}

int main(void)
{
  pthread_t thread;
  pthread_create(&thread, NULL, test_func, NULL);
  pthread_detach(thread);
  pthread_cancel(thread);
  pthread_join(thread, NULL);
  pthread_atfork(NULL, NULL, NULL);
  pthread_exit(NULL);

  return 0;
}

Determining if the function pthread_create exists in the pthreads failed with the following output:
Change Dir: /leveldb/leveldb-new/leveldb-1/build/CMakeFiles/CMakeTmp

Run Build Command(s):/usr/bin/gmake cmTC_459d7/fast && /usr/bin/gmake  -f CMakeFiles/cmTC_459d7.dir/build.make CMakeFiles/cmTC_459d7.dir/build
gmake[1]: Entering directory '/leveldb/leveldb-new/leveldb-1/build/CMakeFiles/CMakeTmp'
Building C object CMakeFiles/cmTC_459d7.dir/CheckFunctionExists.c.o
/usr/bin/cc   -Wstrict-prototypes -DCHECK_FUNCTION_EXISTS=pthread_create   -std=c11 -o CMakeFiles/cmTC_459d7.dir/CheckFunctionExists.c.o   -c /usr/local/share/cmake-3.17/Modules/CheckFunctionExists.c
Linking C executable cmTC_459d7
/usr/local/bin/cmake -E cmake_link_script CMakeFiles/cmTC_459d7.dir/link.txt --verbose=1
/usr/bin/cc  -Wstrict-prototypes -DCHECK_FUNCTION_EXISTS=pthread_create    CMakeFiles/cmTC_459d7.dir/CheckFunctionExists.c.o  -o cmTC_459d7  -lpthreads 
/usr/bin/ld: cannot find -lpthreads
collect2: error: ld returned 1 exit status
gmake[1]: *** [CMakeFiles/cmTC_459d7.dir/build.make:107: cmTC_459d7] Error 1
gmake[1]: Leaving directory '/leveldb/leveldb-new/leveldb-1/build/CMakeFiles/CMakeTmp'
gmake: *** [Makefile:141: cmTC_459d7/fast] Error 2



Determining if the function sqlite3_open exists in the sqlite3 failed with the following output:
Change Dir: /leveldb/leveldb-new/leveldb-1/build/CMakeFiles/CMakeTmp

Run Build Command(s):/usr/bin/gmake cmTC_db2ef/fast && /usr/bin/gmake  -f CMakeFiles/cmTC_db2ef.dir/build.make CMakeFiles/cmTC_db2ef.dir/build
gmake[1]: Entering directory '/leveldb/leveldb-new/leveldb-1/build/CMakeFiles/CMakeTmp'
Building C object CMakeFiles/cmTC_db2ef.dir/CheckFunctionExists.c.o
/usr/bin/cc   -Wstrict-prototypes -DCHECK_FUNCTION_EXISTS=sqlite3_open   -std=c11 -o CMakeFiles/cmTC_db2ef.dir/CheckFunctionExists.c.o   -c /usr/local/share/cmake-3.17/Modules/CheckFunctionExists.c
Linking C executable cmTC_db2ef
/usr/local/bin/cmake -E cmake_link_script CMakeFiles/cmTC_db2ef.dir/link.txt --verbose=1
/usr/bin/cc  -Wstrict-prototypes -DCHECK_FUNCTION_EXISTS=sqlite3_open    CMakeFiles/cmTC_db2ef.dir/CheckFunctionExists.c.o  -o cmTC_db2ef  -lsqlite3 
/usr/bin/ld: cannot find -lsqlite3
collect2: error: ld returned 1 exit status
gmake[1]: *** [CMakeFiles/cmTC_db2ef.dir/build.make:107: cmTC_db2ef] Error 1
gmake[1]: Leaving directory '/leveldb/leveldb-new/leveldb-1/build/CMakeFiles/CMakeTmp'
gmake: *** [Makefile:141: cmTC_db2ef/fast] Error 2



Performing C++ SOURCE FILE Test HAVE_KYOTOCABINET failed with the following output:
Change Dir: /leveldb/leveldb-new/leveldb-1/build/CMakeFiles/CMakeTmp

Run Build Command(s):/usr/bin/gmake cmTC_4a23b/fast && /usr/bin/gmake  -f CMakeFiles/cmTC_4a23b.dir/build.make CMakeFiles/cmTC_4a23b.dir/build
gmake[1]: Entering directory '/leveldb/leveldb-new/leveldb-1/build/CMakeFiles/CMakeTmp'
Building CXX object CMakeFiles/cmTC_4a23b.dir/src.cxx.o
/usr/bin/c++    -DHAVE_KYOTOCABINET   -std=c++11 -o CMakeFiles/cmTC_4a23b.dir/src.cxx.o -c /leveldb/leveldb-new/leveldb-1/build/CMakeFiles/CMakeTmp/src.cxx
/leveldb/leveldb-new/leveldb-1/build/CMakeFiles/CMakeTmp/src.cxx:2:10: fatal error: kcpolydb.h: No such file or directory
 #include <kcpolydb.h>
          ^~~~~~~~~~~~
compilation terminated.
gmake[1]: *** [CMakeFiles/cmTC_4a23b.dir/build.make:86: CMakeFiles/cmTC_4a23b.dir/src.cxx.o] Error 1
gmake[1]: Leaving directory '/leveldb/leveldb-new/leveldb-1/build/CMakeFiles/CMakeTmp'
gmake: *** [Makefile:141: cmTC_4a23b/fast] Error 2


Source file was:

#include <kcpolydb.h>

int main() {
  kyotocabinet::TreeDB* db = new kyotocabinet::TreeDB();
  delete db;
  return 0;
}
  
